[debug] > Exec(early(addDefaultCommands), None, None)
[debug] > Exec(addDefaultCommands, None, None)
[debug] > Exec(early(initialize), None, None)
[debug] > Exec(initialize, None, None)
[debug] > Exec(early(addPluginSbtFile="""C:\Users\yaqee\AppData\Local\Temp\idea1.sbt"""), None, None)
[debug] > Exec(addPluginSbtFile="""C:\Users\yaqee\AppData\Local\Temp\idea1.sbt""", None, None)
[debug] > Exec(boot, None, None)
[debug] > Exec(writeSbtVersion, None, None)
[debug] > Exec(reload, None, None)
[debug] > Exec(sbtStashOnFailure, None, None)
[debug] > Exec(onFailure loadFailed, None, None)
[debug] > Exec(loadp, None, None)
[info] welcome to sbt 1.10.1 (Eclipse Adoptium Java 11.0.24)
[debug] Load.defaultLoad until apply took 123.5655ms
[debug]           Load.loadUnit: plugins took 108.6501ms
[debug]           Load.loadUnit: defsScala took 0.3083ms
[debug] [Loading] Scanning directory C:\Users\yaqee\Desktop\StreamRoom\project
[debug]             Load.loadUnit: mkEval took 7.0429ms
[debug] [Loading] Found non-root projects 
[debug] [Loading] Done in C:\Users\yaqee\Desktop\StreamRoom\project, returning: ()
[debug] deducing auto plugins based on known facts Set(Atom(sbt.plugins.CorePlugin)) and clauses Clauses(Clause(Atom(sbt.plugins.JvmPlugin),Set(Atom(sbt.plugins.IvyPlugin)))
[debug] Clause(Atom(sbt.ScriptedPlugin),Set(Atom(sbt.plugins.JvmPlugin)))
[debug] Clause(Atom(sbt.plugins.SbtPlugin),Set(Atom(sbt.ScriptedPlugin)))
[debug] Clause(Atom(sbt.plugins.SemanticdbPlugin),Set(Atom(sbt.plugins.JvmPlugin)))
[debug] Clause(Atom(sbt.plugins.JUnitXmlReportPlugin),Set(Atom(sbt.plugins.JvmPlugin)))
[debug] Clause(Atom(sbt.plugins.MiniDependencyTreePlugin),Set(Atom(sbt.plugins.JvmPlugin)))
[debug] Clause(Atom(sbt.plugins.CorePlugin),Set(Atom(sbt.plugins.IvyPlugin)))
[debug] Clause(Atom(sbt.plugins.IvyPlugin),Set(Atom(sbt.plugins.JvmPlugin)))
[debug] Clause(Atom(sbt.plugins.JvmPlugin),Set(Atom(sbt.plugins.SemanticdbPlugin)))
[debug] Clause(Atom(sbt.plugins.JvmPlugin),Set(Atom(sbt.plugins.JUnitXmlReportPlugin)))
[debug] Clause(Atom(sbt.plugins.CorePlugin),Set(Atom(sbt.plugins.Giter8TemplatePlugin)))
[debug] Clause(Atom(sbt.plugins.JvmPlugin),Set(Atom(sbt.plugins.MiniDependencyTreePlugin))))
[debug]   :: deduced result: Matched(sbt.plugins.CorePlugin,sbt.plugins.Giter8TemplatePlugin,sbt.plugins.IvyPlugin,sbt.plugins.JvmPlugin,sbt.plugins.MiniDependencyTreePlugin,sbt.plugins.JUnitXmlReportPlugin,sbt.plugins.SemanticdbPlugin)
[debug] Plugins.deducer#function took 24.6512 ms
[info] loading settings for project streamroom-build from idea1.sbt ...
[debug]               Load.resolveProject(streamroom-build) took 68.6846ms
[debug]             Load.loadTransitive: finalizeProject(Project(id streamroom-build, base: C:\Users\yaqee\Desktop\StreamRoom\project, plugins: List(<none>))) took 128.0651ms
[debug] [Loading] Done in C:\Users\yaqee\Desktop\StreamRoom\project, returning: (streamroom-build)
[debug]           Load.loadUnit: loadedProjectsRaw took 507.169ms
[debug]           Load.loadUnit: cleanEvalClasses took 15.5868ms
[debug]         Load.loadUnit(file:/C:/Users/yaqee/Desktop/StreamRoom/project/, ...) took 639.3146ms
[debug]       Load.apply: load took 879.8065ms
[debug]       Load.apply: resolveProjects took 6.6779ms
[debug]       Load.apply: finalTransforms took 103.3938ms
[debug]       Load.apply: config.delegates took 50.6166ms
[debug]       Load.apply: Def.make(settings)... took 1708.8753ms
[debug]       Load.apply: structureIndex took 460.0907ms
[debug]       Load.apply: mkStreams took 15.1593ms
[info] loading project definition from C:\Users\yaqee\Desktop\StreamRoom\project
[debug] Running task... Cancel: Signal, check cycles: false, forcegc: true
[debug]     Load.loadUnit: plugins took 7477.4015ms
[debug]     Load.loadUnit: defsScala took 0.0043ms
[debug] [Loading] Scanning directory C:\Users\yaqee\Desktop\StreamRoom
[debug]       Load.loadUnit: mkEval took 0.6172ms
[debug] [Loading] Found root project root w/ remaining 
[debug] deducing auto plugins based on known facts Set(Atom(sbt.plugins.CorePlugin)) and clauses Clauses(Clause(Atom(sbt.plugins.JvmPlugin),Set(Atom(sbt.plugins.IvyPlugin)))
[debug] Clause(Atom(sbt.ScriptedPlugin),Set(Atom(sbt.plugins.JvmPlugin)))
[debug] Clause(Atom(sbt.plugins.SbtPlugin),Set(Atom(sbt.ScriptedPlugin)))
[debug] Clause(Atom(sbt.plugins.SemanticdbPlugin),Set(Atom(sbt.plugins.JvmPlugin)))
[debug] Clause(Atom(sbt.plugins.JUnitXmlReportPlugin),Set(Atom(sbt.plugins.JvmPlugin)))
[debug] Clause(Atom(sbt.plugins.MiniDependencyTreePlugin),Set(Atom(sbt.plugins.JvmPlugin)))
[debug] Clause(Atom(org.jetbrains.sbt.StructurePlugin),Set(Atom(sbt.plugins.JvmPlugin)))
[debug] Clause(Atom(org.jetbrains.sbt.IdeaShellPlugin),Set(Atom(sbt.plugins.JvmPlugin)))
[debug] Clause(Atom(sbt.plugins.CorePlugin),Set(Atom(sbt.plugins.IvyPlugin)))
[debug] Clause(Atom(sbt.plugins.IvyPlugin),Set(Atom(sbt.plugins.JvmPlugin)))
[debug] Clause(Atom(sbt.plugins.JvmPlugin),Set(Atom(sbt.plugins.SemanticdbPlugin)))
[debug] Clause(Atom(sbt.plugins.JvmPlugin),Set(Atom(sbt.plugins.JUnitXmlReportPlugin)))
[debug] Clause(Atom(sbt.plugins.CorePlugin),Set(Atom(sbt.plugins.Giter8TemplatePlugin)))
[debug] Clause(Atom(sbt.plugins.JvmPlugin),Set(Atom(sbt.plugins.MiniDependencyTreePlugin)))
[debug] Clause(Atom(sbt.plugins.JvmPlugin),Set(Atom(org.jetbrains.sbt.StructurePlugin)))
[debug] Clause(Atom(sbt.plugins.JvmPlugin),Set(Atom(org.jetbrains.sbt.IdeaShellPlugin))))
[debug]   :: deduced result: Matched(sbt.plugins.CorePlugin,sbt.plugins.Giter8TemplatePlugin,sbt.plugins.IvyPlugin,sbt.plugins.JvmPlugin,sbt.plugins.SemanticdbPlugin,sbt.plugins.JUnitXmlReportPlugin,org.jetbrains.sbt.IdeaShellPlugin,org.jetbrains.sbt.StructurePlugin,sbt.plugins.MiniDependencyTreePlugin)
[debug] Plugins.deducer#function took 3.8552 ms
[info] loading settings for project root from build.sbt ...
[debug]         Load.resolveProject(root) took 339.1401ms
[debug]       Load.loadTransitive: finalizeProject(Project(id root, base: C:\Users\yaqee\Desktop\StreamRoom, plugins: List(<none>))) took 350.432ms
[debug] [Loading] Done in C:\Users\yaqee\Desktop\StreamRoom, returning: (root)
[debug]     Load.loadUnit: loadedProjectsRaw took 6614.4434ms
[debug]     Load.loadUnit: cleanEvalClasses took 15.1696ms
[debug]   Load.loadUnit(file:/C:/Users/yaqee/Desktop/StreamRoom/, ...) took 14108.5415ms
[debug] Load.apply: load took 14126.3036ms
[debug] Load.apply: resolveProjects took 0.1323ms
[debug] Load.apply: finalTransforms took 233.6915ms
[debug] Load.apply: config.delegates took 0.5407ms
[debug] Load.apply: Def.make(settings)... took 310.3018ms
[debug] Load.apply: structureIndex took 47.4642ms
[debug] Load.apply: mkStreams took 0.0042ms
[info] set current project to StreamRoom (in build file:/C:/Users/yaqee/Desktop/StreamRoom/)
[debug] > Exec(sbtPopOnFailure, None, None)
[debug] > Exec(resumeFromFailure, None, None)
[debug] > Exec(notifyUsersAboutShell, None, None)
[debug] > Exec(iflast shell, None, None)
[debug] > Exec(idea-shell, None, None)
