[debug] > Exec(early(addDefaultCommands), None, None)
[debug] > Exec(addDefaultCommands, None, None)
[debug] > Exec(early(initialize), None, None)
[debug] > Exec(initialize, None, None)
[debug] > Exec(early(addPluginSbtFile="""C:\Users\yaqee\AppData\Local\Temp\idea1.sbt"""), None, None)
[debug] > Exec(addPluginSbtFile="""C:\Users\yaqee\AppData\Local\Temp\idea1.sbt""", None, None)
[debug] > Exec(boot, None, None)
[debug] > Exec(writeSbtVersion, None, None)
[debug] > Exec(reload, None, None)
[debug] > Exec(sbtStashOnFailure, None, None)
[debug] > Exec(onFailure loadFailed, None, None)
[debug] > Exec(loadp, None, None)
[info] welcome to sbt 1.10.1 (Eclipse Adoptium Java 11.0.24)
[debug] Load.defaultLoad until apply took 177.0769ms
[debug]           Load.loadUnit: plugins took 93.7294ms
[debug]           Load.loadUnit: defsScala took 0.2348ms
[debug] [Loading] Scanning directory C:\Users\yaqee\Desktop\StreamRoom\project
[debug]             Load.loadUnit: mkEval took 5.1551ms
[debug] [Loading] Found non-root projects 
[debug] [Loading] Done in C:\Users\yaqee\Desktop\StreamRoom\project, returning: ()
[debug] deducing auto plugins based on known facts Set(Atom(sbt.plugins.CorePlugin)) and clauses Clauses(Clause(Atom(sbt.plugins.JvmPlugin),Set(Atom(sbt.plugins.IvyPlugin)))
[debug] Clause(Atom(sbt.ScriptedPlugin),Set(Atom(sbt.plugins.JvmPlugin)))
[debug] Clause(Atom(sbt.plugins.SbtPlugin),Set(Atom(sbt.ScriptedPlugin)))
[debug] Clause(Atom(sbt.plugins.SemanticdbPlugin),Set(Atom(sbt.plugins.JvmPlugin)))
[debug] Clause(Atom(sbt.plugins.JUnitXmlReportPlugin),Set(Atom(sbt.plugins.JvmPlugin)))
[debug] Clause(Atom(sbt.plugins.MiniDependencyTreePlugin),Set(Atom(sbt.plugins.JvmPlugin)))
[debug] Clause(Atom(sbt.plugins.CorePlugin),Set(Atom(sbt.plugins.IvyPlugin)))
[debug] Clause(Atom(sbt.plugins.IvyPlugin),Set(Atom(sbt.plugins.JvmPlugin)))
[debug] Clause(Atom(sbt.plugins.JvmPlugin),Set(Atom(sbt.plugins.SemanticdbPlugin)))
[debug] Clause(Atom(sbt.plugins.JvmPlugin),Set(Atom(sbt.plugins.JUnitXmlReportPlugin)))
[debug] Clause(Atom(sbt.plugins.CorePlugin),Set(Atom(sbt.plugins.Giter8TemplatePlugin)))
[debug] Clause(Atom(sbt.plugins.JvmPlugin),Set(Atom(sbt.plugins.MiniDependencyTreePlugin))))
[debug]   :: deduced result: Matched(sbt.plugins.CorePlugin,sbt.plugins.Giter8TemplatePlugin,sbt.plugins.IvyPlugin,sbt.plugins.JvmPlugin,sbt.plugins.MiniDependencyTreePlugin,sbt.plugins.JUnitXmlReportPlugin,sbt.plugins.SemanticdbPlugin)
[debug] Plugins.deducer#function took 12.0064 ms
[info] loading settings for project streamroom-build from idea1.sbt ...
[debug]               Load.resolveProject(streamroom-build) took 34.2649ms
[debug]             Load.loadTransitive: finalizeProject(Project(id streamroom-build, base: C:\Users\yaqee\Desktop\StreamRoom\project, plugins: List(<none>))) took 64.883ms
[debug] [Loading] Done in C:\Users\yaqee\Desktop\StreamRoom\project, returning: (streamroom-build)
[debug]           Load.loadUnit: loadedProjectsRaw took 302.0469ms
[debug]           Load.loadUnit: cleanEvalClasses took 5.5611ms
[debug]         Load.loadUnit(file:/C:/Users/yaqee/Desktop/StreamRoom/project/, ...) took 406.1847ms
[debug]       Load.apply: load took 521.6749ms
[debug]       Load.apply: resolveProjects took 3.6274ms
[debug]       Load.apply: finalTransforms took 46.8948ms
[debug]       Load.apply: config.delegates took 15.2097ms
[debug]       Load.apply: Def.make(settings)... took 527.964ms
[debug]       Load.apply: structureIndex took 139.1791ms
[debug]       Load.apply: mkStreams took 6.2348ms
[info] loading project definition from C:\Users\yaqee\Desktop\StreamRoom\project
[debug] Running task... Cancel: Signal, check cycles: false, forcegc: true
[debug]     Load.loadUnit: plugins took 3004.2704ms
[debug]     Load.loadUnit: defsScala took 0.003ms
[debug] [Loading] Scanning directory C:\Users\yaqee\Desktop\StreamRoom
[debug]       Load.loadUnit: mkEval took 0.2927ms
[debug] [Loading] Found root project root w/ remaining 
[debug] deducing auto plugins based on known facts Set(Atom(sbt.plugins.CorePlugin)) and clauses Clauses(Clause(Atom(sbt.plugins.JvmPlugin),Set(Atom(sbt.plugins.IvyPlugin)))
[debug] Clause(Atom(sbt.ScriptedPlugin),Set(Atom(sbt.plugins.JvmPlugin)))
[debug] Clause(Atom(sbt.plugins.SbtPlugin),Set(Atom(sbt.ScriptedPlugin)))
[debug] Clause(Atom(sbt.plugins.SemanticdbPlugin),Set(Atom(sbt.plugins.JvmPlugin)))
[debug] Clause(Atom(sbt.plugins.JUnitXmlReportPlugin),Set(Atom(sbt.plugins.JvmPlugin)))
[debug] Clause(Atom(sbt.plugins.MiniDependencyTreePlugin),Set(Atom(sbt.plugins.JvmPlugin)))
[debug] Clause(Atom(org.jetbrains.sbt.StructurePlugin),Set(Atom(sbt.plugins.JvmPlugin)))
[debug] Clause(Atom(org.jetbrains.sbt.IdeaShellPlugin),Set(Atom(sbt.plugins.JvmPlugin)))
[debug] Clause(Atom(sbt.plugins.CorePlugin),Set(Atom(sbt.plugins.IvyPlugin)))
[debug] Clause(Atom(sbt.plugins.IvyPlugin),Set(Atom(sbt.plugins.JvmPlugin)))
[debug] Clause(Atom(sbt.plugins.JvmPlugin),Set(Atom(sbt.plugins.SemanticdbPlugin)))
[debug] Clause(Atom(sbt.plugins.JvmPlugin),Set(Atom(sbt.plugins.JUnitXmlReportPlugin)))
[debug] Clause(Atom(sbt.plugins.CorePlugin),Set(Atom(sbt.plugins.Giter8TemplatePlugin)))
[debug] Clause(Atom(sbt.plugins.JvmPlugin),Set(Atom(sbt.plugins.MiniDependencyTreePlugin)))
[debug] Clause(Atom(sbt.plugins.JvmPlugin),Set(Atom(org.jetbrains.sbt.StructurePlugin)))
[debug] Clause(Atom(sbt.plugins.JvmPlugin),Set(Atom(org.jetbrains.sbt.IdeaShellPlugin))))
[debug]   :: deduced result: Matched(sbt.plugins.CorePlugin,sbt.plugins.Giter8TemplatePlugin,sbt.plugins.IvyPlugin,sbt.plugins.JvmPlugin,sbt.plugins.SemanticdbPlugin,sbt.plugins.JUnitXmlReportPlugin,org.jetbrains.sbt.IdeaShellPlugin,org.jetbrains.sbt.StructurePlugin,sbt.plugins.MiniDependencyTreePlugin)
[debug] Plugins.deducer#function took 1.2194 ms
[info] loading settings for project root from build.sbt ...
[debug]         Load.resolveProject(root) took 61.0157ms
[debug]       Load.loadTransitive: finalizeProject(Project(id root, base: C:\Users\yaqee\Desktop\StreamRoom, plugins: List(<none>))) took 63.6626ms
[debug] [Loading] Done in C:\Users\yaqee\Desktop\StreamRoom, returning: (root)
[debug]     Load.loadUnit: loadedProjectsRaw took 2368.3589ms
[debug]     Load.loadUnit: cleanEvalClasses took 5.5487ms
[debug]   Load.loadUnit(file:/C:/Users/yaqee/Desktop/StreamRoom/, ...) took 5379.4176ms
[debug] Load.apply: load took 5407.7322ms
[debug] Load.apply: resolveProjects took 0.1222ms
[debug] Load.apply: finalTransforms took 37.1473ms
[debug] Load.apply: config.delegates took 0.2939ms
[debug] Load.apply: Def.make(settings)... took 98.978ms
[debug] Load.apply: structureIndex took 16.5303ms
[debug] Load.apply: mkStreams took 0.0022ms
[info] set current project to StreamRoom (in build file:/C:/Users/yaqee/Desktop/StreamRoom/)
[debug] > Exec(sbtPopOnFailure, None, None)
[debug] > Exec(resumeFromFailure, None, None)
[debug] > Exec(notifyUsersAboutShell, None, None)
[debug] > Exec(iflast shell, None, None)
[debug] > Exec(idea-shell, None, None)
